Using pre-set license
Built from '2021.2/staging' branch; Version is '2021.2.13f1 (90b6766da538) revision 9483894'; Using compiler version '192829333'; Build Type 'Release'
OS: 'Windows 11  (10.0.22000) 64bit CoreSingleLanguage' Language: 'en' Physical Memory: 8028 MB
BatchMode: 1, IsHumanControllingUs: 0, StartBugReporterOnCrash: 0, Is64bit: 1, IsPro: 1

COMMAND LINE ARGUMENTS:
C:\Program Files\Unity\Hub\Editor\2021.2.13f1\Editor\Unity.exe
-adb2
-batchMode
-noUpm
-name
AssetImportWorker0
-projectPath
D:/Unity/Lomba/My project
-logFile
Logs/AssetImportWorker0.log
-srvPort
57176
Successfully changed project path to: D:/Unity/Lomba/My project
D:/Unity/Lomba/My project
[UnityMemory] Configuration Parameters - Can be set up in boot.config
    "memorysetup-bucket-allocator-granularity=16"
    "memorysetup-bucket-allocator-bucket-count=8"
    "memorysetup-bucket-allocator-block-size=33554432"
    "memorysetup-bucket-allocator-block-count=8"
    "memorysetup-main-allocator-block-size=16777216"
    "memorysetup-thread-allocator-block-size=16777216"
    "memorysetup-gfx-main-allocator-block-size=16777216"
    "memorysetup-gfx-thread-allocator-block-size=16777216"
    "memorysetup-cache-allocator-block-size=4194304"
    "memorysetup-typetree-allocator-block-size=2097152"
    "memorysetup-profiler-bucket-allocator-granularity=16"
    "memorysetup-profiler-bucket-allocator-bucket-count=8"
    "memorysetup-profiler-bucket-allocator-block-size=33554432"
    "memorysetup-profiler-bucket-allocator-block-count=8"
    "memorysetup-profiler-allocator-block-size=16777216"
    "memorysetup-profiler-editor-allocator-block-size=1048576"
    "memorysetup-temp-allocator-size-main=16777216"
    "memorysetup-job-temp-allocator-block-size=2097152"
    "memorysetup-job-temp-allocator-block-size-background=1048576"
    "memorysetup-job-temp-allocator-reduction-small-platforms=262144"
    "memorysetup-temp-allocator-size-background-worker=32768"
    "memorysetup-temp-allocator-size-job-worker=262144"
    "memorysetup-temp-allocator-size-preload-manager=33554432"
    "memorysetup-temp-allocator-size-nav-mesh-worker=65536"
    "memorysetup-temp-allocator-size-audio-worker=65536"
    "memorysetup-temp-allocator-size-cloud-worker=32768"
    "memorysetup-temp-allocator-size-gi-baking-worker=262144"
    "memorysetup-temp-allocator-size-gfx=262144"
Refreshing native plugins compatible for Editor in 78.35 ms, found 3 plugins.
Preloading 0 native plugins for Editor in 0.00 ms.
Initialize engine version: 2021.2.13f1 (90b6766da538)
[Subsystems] Discovering subsystems at path C:/Program Files/Unity/Hub/Editor/2021.2.13f1/Editor/Data/Resources/UnitySubsystems
[Subsystems] Discovering subsystems at path D:/Unity/Lomba/My project/Assets
GfxDevice: creating device client; threaded=0; jobified=0
Direct3D:
    Version:  Direct3D 11.0 [level 11.1]
    Renderer: NVIDIA GeForce GTX 1650 (ID=0x1f99)
    Vendor:   NVIDIA
    VRAM:     3962 MB
    Driver:   30.0.15.1278
Initialize mono
Mono path[0] = 'C:/Program Files/Unity/Hub/Editor/2021.2.13f1/Editor/Data/Managed'
Mono path[1] = 'C:/Program Files/Unity/Hub/Editor/2021.2.13f1/Editor/Data/MonoBleedingEdge/lib/mono/unityjit-win32'
Mono config path = 'C:/Program Files/Unity/Hub/Editor/2021.2.13f1/Editor/Data/MonoBleedingEdge/etc'
Using monoOptions --debugger-agent=transport=dt_socket,embedding=1,server=y,suspend=n,address=127.0.0.1:56332
Begin MonoManager ReloadAssembly
Registering precompiled unity dll's ...
Register platform support module: C:/Program Files/Unity/Hub/Editor/2021.2.13f1/Editor/Data/PlaybackEngines/AndroidPlayer/UnityEditor.Android.Extensions.dll
Register platform support module: C:/Program Files/Unity/Hub/Editor/2021.2.13f1/Editor/Data/PlaybackEngines/WindowsStandaloneSupport/UnityEditor.WindowsStandalone.Extensions.dll
Register platform support module: C:/Program Files/Unity/Hub/Editor/2021.2.13f1/Editor/Data/PlaybackEngines/MetroSupport/UnityEditor.UWP.Extensions.dll
Registered in 0.004642 seconds.
Native extension for UWP target not found
Native extension for WindowsStandalone target not found
Native extension for Android target not found
Refreshing native plugins compatible for Editor in 78.89 ms, found 3 plugins.
Preloading 0 native plugins for Editor in 0.00 ms.
Mono: successfully reloaded assembly
- Completed reload, in  0.648 seconds
Domain Reload Profiling:
	ReloadAssembly (649ms)
		BeginReloadAssembly (63ms)
			ExecutionOrderSort (0ms)
			DisableScriptedObjects (0ms)
			BackupInstance (0ms)
			ReleaseScriptingObjects (0ms)
			CreateAndSetChildDomain (1ms)
		EndReloadAssembly (489ms)
			LoadAssemblies (62ms)
			RebuildTransferFunctionScriptingTraits (0ms)
			SetupTypeCache (111ms)
			ReleaseScriptCaches (0ms)
			RebuildScriptCaches (28ms)
			SetupLoadedEditorAssemblies (306ms)
				LogAssemblyErrors (0ms)
				InitializePlatformSupportModulesInManaged (90ms)
				SetLoadedEditorAssemblies (0ms)
				RefreshPlugins (79ms)
				BeforeProcessingInitializeOnLoad (1ms)
				ProcessInitializeOnLoadAttributes (97ms)
				ProcessInitializeOnLoadMethodAttributes (39ms)
				AfterProcessingInitializeOnLoad (0ms)
				EditorAssembliesLoaded (0ms)
			ExecutionOrderSort2 (0ms)
			AwakeInstancesAfterBackupRestoration (0ms)
Platform modules already initialized, skipping
Registering precompiled user dll's ...
Registered in 0.002627 seconds.
Begin MonoManager ReloadAssembly
Symbol file LoadedFromMemory doesn't match image D:\Unity\Lomba\My project\Library\PackageCache\com.unity.visualscripting@1.7.6\Editor\VisualScripting.Core\Dependencies\YamlDotNet\Unity.VisualScripting.YamlDotNet.dll
Symbol file LoadedFromMemory doesn't match image D:\Unity\Lomba\My project\Library\PackageCache\com.unity.visualscripting@1.7.6\Editor\VisualScripting.Core\Dependencies\DotNetZip\Unity.VisualScripting.IonicZip.dll
Native extension for UWP target not found
Native extension for WindowsStandalone target not found
Native extension for Android target not found
Refreshing native plugins compatible for Editor in 117.34 ms, found 3 plugins.
Preloading 0 native plugins for Editor in 0.00 ms.
Mono: successfully reloaded assembly
- Completed reload, in  1.515 seconds
Domain Reload Profiling:
	ReloadAssembly (1516ms)
		BeginReloadAssembly (272ms)
			ExecutionOrderSort (0ms)
			DisableScriptedObjects (5ms)
			BackupInstance (0ms)
			ReleaseScriptingObjects (0ms)
			CreateAndSetChildDomain (169ms)
		EndReloadAssembly (1135ms)
			LoadAssemblies (97ms)
			RebuildTransferFunctionScriptingTraits (0ms)
			SetupTypeCache (287ms)
			ReleaseScriptCaches (1ms)
			RebuildScriptCaches (63ms)
			SetupLoadedEditorAssemblies (644ms)
				LogAssemblyErrors (0ms)
				InitializePlatformSupportModulesInManaged (15ms)
				SetLoadedEditorAssemblies (0ms)
				RefreshPlugins (117ms)
				BeforeProcessingInitializeOnLoad (104ms)
				ProcessInitializeOnLoadAttributes (367ms)
				ProcessInitializeOnLoadMethodAttributes (35ms)
				AfterProcessingInitializeOnLoad (7ms)
				EditorAssembliesLoaded (0ms)
			ExecutionOrderSort2 (0ms)
			AwakeInstancesAfterBackupRestoration (7ms)
Platform modules already initialized, skipping
========================================================================
Worker process is ready to serve import requests
Launched and connected shader compiler UnityShaderCompiler.exe after 0.03 seconds
Refreshing native plugins compatible for Editor in 0.89 ms, found 3 plugins.
Preloading 0 native plugins for Editor in 0.00 ms.
Unloading 3740 Unused Serialized files (Serialized files now loaded: 0)
Unloading 41 unused Assets / (183.8 KB). Loaded Objects now: 4214.
Memory consumption went from 158.9 MB to 158.7 MB.
Total: 3.652000 ms (FindLiveObjects: 0.414500 ms CreateObjectMapping: 0.258800 ms MarkObjects: 2.847700 ms  DeleteObjects: 0.129300 ms)

AssetImportParameters requested are different than current active one (requested -> active):
  custom:video-decoder-ogg-theora: a1e56fd34408186e4bbccfd4996cb3dc -> 
  custom:container-muxer-webm: aa71ff27fc2769a1b78a27578f13a17b -> 
  custom:container-demuxer-webm: 4f35f7cbe854078d1ac9338744f61a02 -> 
  custom:video-encoder-webm-vp8: eb34c28f22e8b96e1ab97ce403110664 -> 
  custom:video-codec-MediaFoundation-h265: 746d11721c4dcdbdad8f713fa42b33f4 -> 
  custom:audio-encoder-webm-vorbis: bf7c407c2cedff20999df2af8eb42d56 -> 
  custom:framework-win-MediaFoundation: 216162199b28c13a410421893ffa2e32 -> 
  custom:container-demuxer-ogg: 62fdf1f143b41e24485cea50d1cbac27 -> 
  custom:video-decoder-webm-vp8: 9c59270c3fd7afecdb556c50c9e8de78 -> 
  custom:audio-decoder-ogg-vorbis: bf7c407c2cedff20999df2af8eb42d56 -> 
========================================================================
Received Import Request.
  Time since last request: 521743.950223 seconds.
  path: Assets/Scenes/SampleScene.unity
  artifactKey: Guid(9fc0d4010bbf28b4594072e72b8655ab) Importer(815301076,1909f56bfc062723c751e8b465ee728b)
Start importing Assets/Scenes/SampleScene.unity using Guid(9fc0d4010bbf28b4594072e72b8655ab) Importer(815301076,1909f56bfc062723c751e8b465ee728b)  -> (artifact id: 'e55ccaa32d8e5c1de03c07a5412c8c3c') in 0.011373 seconds 
========================================================================
Received Import Request.
  Time since last request: 5.367046 seconds.
  path: Assets/Stylized Dungeon - Free Pack/Materials
  artifactKey: Guid(0a8cf580a34b549fc980149ba1710621) Importer(815301076,1909f56bfc062723c751e8b465ee728b)
Start importing Assets/Stylized Dungeon - Free Pack/Materials using Guid(0a8cf580a34b549fc980149ba1710621) Importer(815301076,1909f56bfc062723c751e8b465ee728b)  -> (artifact id: 'edb86d307473338927bf976b73a0b43e') in 0.010194 seconds 
========================================================================
Received Import Request.
  Time since last request: 1.840204 seconds.
  path: Assets/Stylized Dungeon - Free Pack/Scenes/SampleScene.unity
  artifactKey: Guid(f9a1e30f3d5124f1b9d0b41317142bc5) Importer(815301076,1909f56bfc062723c751e8b465ee728b)
Start importing Assets/Stylized Dungeon - Free Pack/Scenes/SampleScene.unity using Guid(f9a1e30f3d5124f1b9d0b41317142bc5) Importer(815301076,1909f56bfc062723c751e8b465ee728b)  -> (artifact id: 'fa10137e9f77aeb2ed60eb1e031e9a5b') in 0.001911 seconds 
========================================================================
Received Import Request.
  Time since last request: 13.468708 seconds.
  path: Assets/Stylized Dungeon - Free Pack/Scenes/Arena.unity
  artifactKey: Guid(f9a1e30f3d5124f1b9d0b41317142bc5) Importer(815301076,1909f56bfc062723c751e8b465ee728b)
Start importing Assets/Stylized Dungeon - Free Pack/Scenes/Arena.unity using Guid(f9a1e30f3d5124f1b9d0b41317142bc5) Importer(815301076,1909f56bfc062723c751e8b465ee728b)  -> (artifact id: 'e69dd4c38adc5ae48ca882af26e5937a') in 0.005972 seconds 
========================================================================
Received Import Request.
  Time since last request: 11.371683 seconds.
  path: Assets/Scenes
  artifactKey: Guid(6ea315d0fd7389c41b19996891e99ae3) Importer(815301076,1909f56bfc062723c751e8b465ee728b)
Start importing Assets/Scenes using Guid(6ea315d0fd7389c41b19996891e99ae3) Importer(815301076,1909f56bfc062723c751e8b465ee728b)  -> (artifact id: 'b8193726cff86800c54781cdc6d54904') in 0.030466 seconds 
========================================================================
Received Import Request.
  Time since last request: 186.717156 seconds.
  path: Assets/Stylized Dungeon - Free Pack/Textures/bricks_01/bricks_01_LP_bricks_01_AlbedoTransparency.png
  artifactKey: Guid(dff02fc283c084bb994665fbc31c2396) Importer(815301076,1909f56bfc062723c751e8b465ee728b)
Start importing Assets/Stylized Dungeon - Free Pack/Textures/bricks_01/bricks_01_LP_bricks_01_AlbedoTransparency.png using Guid(dff02fc283c084bb994665fbc31c2396) Importer(815301076,1909f56bfc062723c751e8b465ee728b)  -> (artifact id: '26d7367351fd53f7cb7e6aae467d470c') in 0.215372 seconds 
========================================================================
Received Import Request.
  Time since last request: 0.000345 seconds.
  path: Assets/Polytope Studio/Lowpoly Medieval Characters/Sources/Modular_Armors/Textures/PT_Medieval_Armors_Feathers_Mask_02.png
  artifactKey: Guid(ae91646efc13ec44f8ccc5b5db2d6a8d) Importer(815301076,1909f56bfc062723c751e8b465ee728b)
Start importing Assets/Polytope Studio/Lowpoly Medieval Characters/Sources/Modular_Armors/Textures/PT_Medieval_Armors_Feathers_Mask_02.png using Guid(ae91646efc13ec44f8ccc5b5db2d6a8d) Importer(815301076,1909f56bfc062723c751e8b465ee728b)  -> (artifact id: '90c27ed195a8e2def6d950038794f00b') in 0.047231 seconds 
========================================================================
Received Import Request.
  Time since last request: 0.000113 seconds.
  path: Assets/StarterAssets/Environment/Art/Textures/Grid_01_Emissive.png
  artifactKey: Guid(d4d6919451fe3e24388816386a6d15a4) Importer(815301076,1909f56bfc062723c751e8b465ee728b)
Start importing Assets/StarterAssets/Environment/Art/Textures/Grid_01_Emissive.png using Guid(d4d6919451fe3e24388816386a6d15a4) Importer(815301076,1909f56bfc062723c751e8b465ee728b)  -> (artifact id: '8a89b31b26b58c2ca1f11e5ac8af2763') in 0.064587 seconds 
========================================================================
Received Import Request.
  Time since last request: 0.000043 seconds.
  path: Assets/Stylized Dungeon - Free Pack/Textures/door_01/door_LP_outline_Normal.png
  artifactKey: Guid(c636d63e1d2bc4b42b3ba2355ab89460) Importer(815301076,1909f56bfc062723c751e8b465ee728b)
Start importing Assets/Stylized Dungeon - Free Pack/Textures/door_01/door_LP_outline_Normal.png using Guid(c636d63e1d2bc4b42b3ba2355ab89460) Importer(815301076,1909f56bfc062723c751e8b465ee728b)  -> (artifact id: 'fe87d1b75272dd474a861284d8cb8d58') in 0.153835 seconds 
========================================================================
Received Import Request.
  Time since last request: 0.000063 seconds.
  path: Assets/Polytope Studio/Lowpoly Medieval Environments/Sources/Textures/PT_Ground_Grass_Green_01.png
  artifactKey: Guid(8c75ba30e5f76df4fb30725e4c9bf38a) Importer(815301076,1909f56bfc062723c751e8b465ee728b)
Start importing Assets/Polytope Studio/Lowpoly Medieval Environments/Sources/Textures/PT_Ground_Grass_Green_01.png using Guid(8c75ba30e5f76df4fb30725e4c9bf38a) Importer(815301076,1909f56bfc062723c751e8b465ee728b)  -> (artifact id: '046d687ac9228e7b69d1e14aec347820') in 0.038505 seconds 
========================================================================
Received Import Request.
  Time since last request: 0.000067 seconds.
  path: Assets/Monster_Orc (Troll)/Texture/monster_BaseColor.png
  artifactKey: Guid(2d3cb960086fa4594b7bc90187634f9e) Importer(815301076,1909f56bfc062723c751e8b465ee728b)
Start importing Assets/Monster_Orc (Troll)/Texture/monster_BaseColor.png using Guid(2d3cb960086fa4594b7bc90187634f9e) Importer(815301076,1909f56bfc062723c751e8b465ee728b)  -> (artifact id: '39edd1062171c0d580a91b6ca1d465ee') in 0.088531 seconds 
========================================================================
Received Import Request.
  Time since last request: 0.000023 seconds.
  path: Assets/Stylized Dungeon - Free Pack/Textures/door_01/door_LP_textureSet_Roughness_2.png
  artifactKey: Guid(d9d60f7d0555249abb21d8d0f7b1e5b4) Importer(815301076,1909f56bfc062723c751e8b465ee728b)
Start importing Assets/Stylized Dungeon - Free Pack/Textures/door_01/door_LP_textureSet_Roughness_2.png using Guid(d9d60f7d0555249abb21d8d0f7b1e5b4) Importer(815301076,1909f56bfc062723c751e8b465ee728b)  -> (artifact id: '56dd6b67fafe9469b6d501261a681e86') in 0.031942 seconds 
========================================================================
Received Import Request.
  Time since last request: 0.000021 seconds.
  path: Assets/Polytope Studio/Lowpoly Medieval Props/Sources/Textures/PT_Medieval_texture.tga
  artifactKey: Guid(a42dbb1cb50b40c4eb5413a146579045) Importer(815301076,1909f56bfc062723c751e8b465ee728b)
Start importing Assets/Polytope Studio/Lowpoly Medieval Props/Sources/Textures/PT_Medieval_texture.tga using Guid(a42dbb1cb50b40c4eb5413a146579045) Importer(815301076,1909f56bfc062723c751e8b465ee728b)  -> (artifact id: '6c130e873d13c9e205247f98c52f5074') in 0.106316 seconds 
========================================================================
Received Import Request.
  Time since last request: 0.000138 seconds.
  path: Assets/Polytope Studio/Lowpoly Medieval Characters/Sources/Modular_Armors/Textures/PT_Medieval_Armors_Cloth_Mask_01.png
  artifactKey: Guid(e4f1621d61032d045964d463b3806afe) Importer(815301076,1909f56bfc062723c751e8b465ee728b)
Start importing Assets/Polytope Studio/Lowpoly Medieval Characters/Sources/Modular_Armors/Textures/PT_Medieval_Armors_Cloth_Mask_01.png using Guid(e4f1621d61032d045964d463b3806afe) Importer(815301076,1909f56bfc062723c751e8b465ee728b)  -> (artifact id: '30dff7bc1bb384896d4ba2925dfea591') in 0.112350 seconds 
========================================================================
Received Import Request.
  Time since last request: 0.000111 seconds.
  path: Assets/Stylized Dungeon - Free Pack/Textures/bricks_01/bricks_01_LP_textureSet_Metallic.png
  artifactKey: Guid(6375d071a87b44083a4ce90282b68fb3) Importer(815301076,1909f56bfc062723c751e8b465ee728b)
Start importing Assets/Stylized Dungeon - Free Pack/Textures/bricks_01/bricks_01_LP_textureSet_Metallic.png using Guid(6375d071a87b44083a4ce90282b68fb3) Importer(815301076,1909f56bfc062723c751e8b465ee728b)  -> (artifact id: '210b02a0ca3e3f20bad9b5231772a748') in 0.104735 seconds 
========================================================================
Received Import Request.
  Time since last request: 0.000108 seconds.
  path: Assets/Stylized Dungeon - Free Pack/Textures/pillar_01/pillar_LP_DefaultMaterial_Normal.png
  artifactKey: Guid(9e6df62e59c314b83a4eeaf25897f7c9) Importer(815301076,1909f56bfc062723c751e8b465ee728b)
Start importing Assets/Stylized Dungeon - Free Pack/Textures/pillar_01/pillar_LP_DefaultMaterial_Normal.png using Guid(9e6df62e59c314b83a4eeaf25897f7c9) Importer(815301076,1909f56bfc062723c751e8b465ee728b)  -> (artifact id: 'dea326e6503aa86e3d6081f595fffd2b') in 0.103932 seconds 
========================================================================
Received Import Request.
  Time since last request: 0.000093 seconds.
  path: Assets/Polytope Studio/Lowpoly Medieval Environments/Sources/Textures/PT_Generic_Tree_Leaves_01.png
  artifactKey: Guid(f2ee3ef6a109f0f4b8bfd6f7c1e310f4) Importer(815301076,1909f56bfc062723c751e8b465ee728b)
Start importing Assets/Polytope Studio/Lowpoly Medieval Environments/Sources/Textures/PT_Generic_Tree_Leaves_01.png using Guid(f2ee3ef6a109f0f4b8bfd6f7c1e310f4) Importer(815301076,1909f56bfc062723c751e8b465ee728b)  -> (artifact id: '541193a9f105f3f3aa7add9d1b8b899c') in 0.147363 seconds 
========================================================================
Received Import Request.
  Time since last request: 0.000188 seconds.
  path: Assets/Polytope Studio/Lowpoly Medieval Characters/Sources/Modular_Armors/Textures/PT_Medieval_Armors_Base_Texture.png
  artifactKey: Guid(004b7cabc9421734bb88a754e99fd641) Importer(815301076,1909f56bfc062723c751e8b465ee728b)
Start importing Assets/Polytope Studio/Lowpoly Medieval Characters/Sources/Modular_Armors/Textures/PT_Medieval_Armors_Base_Texture.png using Guid(004b7cabc9421734bb88a754e99fd641) Importer(815301076,1909f56bfc062723c751e8b465ee728b)  -> (artifact id: 'd0c5be0763e31e791d8a22a280da87f9') in 0.055324 seconds 
========================================================================
Received Import Request.
  Time since last request: 0.000168 seconds.
  path: Assets/Polytope Studio/Lowpoly Medieval Environments/Sources/Textures/PT_Tree_Trunk_01.png
  artifactKey: Guid(5733ec0c27e7c9d41a230d27ca7b85d4) Importer(815301076,1909f56bfc062723c751e8b465ee728b)
Start importing Assets/Polytope Studio/Lowpoly Medieval Environments/Sources/Textures/PT_Tree_Trunk_01.png using Guid(5733ec0c27e7c9d41a230d27ca7b85d4) Importer(815301076,1909f56bfc062723c751e8b465ee728b)  -> (artifact id: '89efbd3d2ed842c1c70631f9f08752f9') in 0.110589 seconds 
========================================================================
Received Import Request.
  Time since last request: 0.000058 seconds.
  path: Assets/Monster_Orc (Troll)/Texture/eye.png
  artifactKey: Guid(8ebe14a6ca457473da96d0a8a2494dee) Importer(815301076,1909f56bfc062723c751e8b465ee728b)
Start importing Assets/Monster_Orc (Troll)/Texture/eye.png using Guid(8ebe14a6ca457473da96d0a8a2494dee) Importer(815301076,1909f56bfc062723c751e8b465ee728b)  -> (artifact id: '2b9965df2eb57cbe15fa98f8634efb2e') in 0.035896 seconds 
========================================================================
Received Import Request.
  Time since last request: 0.000279 seconds.
  path: Assets/StarterAssets/Environment/Art/Textures/Grid_01_Normal.png
  artifactKey: Guid(c5c221ed57a3bf6488f8eba0db28a004) Importer(815301076,1909f56bfc062723c751e8b465ee728b)
Start importing Assets/StarterAssets/Environment/Art/Textures/Grid_01_Normal.png using Guid(c5c221ed57a3bf6488f8eba0db28a004) Importer(815301076,1909f56bfc062723c751e8b465ee728b)  -> (artifact id: 'e07379877454f3556fd9bc8d639ed36f') in 0.044134 seconds 
========================================================================
Received Import Request.
  Time since last request: 0.000233 seconds.
  path: Assets/Polytope Studio/Lowpoly Medieval Characters/Sources/Modular_Armors/Textures/PT_Medieval_Armors_Lips_Scars_Mask_01.png
  artifactKey: Guid(9a688ecd3c6cbee4cb2a528bf72399d4) Importer(815301076,1909f56bfc062723c751e8b465ee728b)
Start importing Assets/Polytope Studio/Lowpoly Medieval Characters/Sources/Modular_Armors/Textures/PT_Medieval_Armors_Lips_Scars_Mask_01.png using Guid(9a688ecd3c6cbee4cb2a528bf72399d4) Importer(815301076,1909f56bfc062723c751e8b465ee728b)  -> (artifact id: '572fab919b9401d8028438ae8488f99f') in 0.027103 seconds 
========================================================================
Received Import Request.
  Time since last request: 0.000068 seconds.
  path: Assets/StarterAssets/Mobile/UI/UI_Icon_Look.png
  artifactKey: Guid(af0ae2dbf3d1efb4f82af377950704a2) Importer(815301076,1909f56bfc062723c751e8b465ee728b)
Start importing Assets/StarterAssets/Mobile/UI/UI_Icon_Look.png using Guid(af0ae2dbf3d1efb4f82af377950704a2) Importer(815301076,1909f56bfc062723c751e8b465ee728b)  -> (artifact id: '9ec74bad3a41cde67530cd11a441c05a') in 0.159483 seconds 
========================================================================
Received Import Request.
  Time since last request: 0.000022 seconds.
  path: Assets/Stylized Dungeon - Free Pack/Textures/pillar_01/pillar_LP_textureSet_Roughness.png
  artifactKey: Guid(563fd531628cb4ff48fdbe32a8c5ef28) Importer(815301076,1909f56bfc062723c751e8b465ee728b)
Start importing Assets/Stylized Dungeon - Free Pack/Textures/pillar_01/pillar_LP_textureSet_Roughness.png using Guid(563fd531628cb4ff48fdbe32a8c5ef28) Importer(815301076,1909f56bfc062723c751e8b465ee728b)  -> (artifact id: '01bb72194850e55dbba665316861fc90') in 0.029620 seconds 
========================================================================
Received Import Request.
  Time since last request: 0.000031 seconds.
  path: Assets/Polytope Studio/Lowpoly Medieval Weapons/Sources/Textures/PT_Medieval_Weapons_Texture_01_mask.png
  artifactKey: Guid(f88a8d19ac8f5724aa4e309405c476b6) Importer(815301076,1909f56bfc062723c751e8b465ee728b)
Start importing Assets/Polytope Studio/Lowpoly Medieval Weapons/Sources/Textures/PT_Medieval_Weapons_Texture_01_mask.png using Guid(f88a8d19ac8f5724aa4e309405c476b6) Importer(815301076,1909f56bfc062723c751e8b465ee728b)  -> (artifact id: 'db450e0544e178312ecafde99563b952') in 0.033929 seconds 
========================================================================
Received Import Request.
  Time since last request: 0.000038 seconds.
  path: Assets/Polytope Studio/Lowpoly Medieval Environments/Sources/Textures/PT_Skybox_Texture_01.png
  artifactKey: Guid(d8b9a114dc91e7d4e9885d54ca9d957f) Importer(815301076,1909f56bfc062723c751e8b465ee728b)
Start importing Assets/Polytope Studio/Lowpoly Medieval Environments/Sources/Textures/PT_Skybox_Texture_01.png using Guid(d8b9a114dc91e7d4e9885d54ca9d957f) Importer(815301076,1909f56bfc062723c751e8b465ee728b)  -> (artifact id: '76a89ccd9ea40a434b91c43b2aec0ba3') in 0.120251 seconds 
========================================================================
Received Import Request.
  Time since last request: 0.000030 seconds.
  path: Assets/Stylized Dungeon - Free Pack/Textures/door_01/door_LP_door_Normal.png
  artifactKey: Guid(dd7f50678411c40b580309b8dc513f0b) Importer(815301076,1909f56bfc062723c751e8b465ee728b)
Start importing Assets/Stylized Dungeon - Free Pack/Textures/door_01/door_LP_door_Normal.png using Guid(dd7f50678411c40b580309b8dc513f0b) Importer(815301076,1909f56bfc062723c751e8b465ee728b)  -> (artifact id: '65b4777fdc5a298d61b5ebf48957ee79') in 0.028687 seconds 
========================================================================
Received Import Request.
  Time since last request: 0.000093 seconds.
  path: Assets/Polytope Studio/Lowpoly Medieval Characters/Sources/Modular_Armors/Textures/PT_Medieval_Armors_Gems_Mask_01.png
  artifactKey: Guid(7d388dc79e41c6f498271666b30c0630) Importer(815301076,1909f56bfc062723c751e8b465ee728b)
Start importing Assets/Polytope Studio/Lowpoly Medieval Characters/Sources/Modular_Armors/Textures/PT_Medieval_Armors_Gems_Mask_01.png using Guid(7d388dc79e41c6f498271666b30c0630) Importer(815301076,1909f56bfc062723c751e8b465ee728b)  -> (artifact id: 'af73b0ff7b727e4262a9250ba5636c69') in 0.051872 seconds 
========================================================================
Received Import Request.
  Time since last request: 0.000045 seconds.
  path: Assets/StarterAssets/Mobile/UI/UI_Icon_Sprint.png
  artifactKey: Guid(b0fa70abd2a79904cb00b175dfd8ec7e) Importer(815301076,1909f56bfc062723c751e8b465ee728b)
Start importing Assets/StarterAssets/Mobile/UI/UI_Icon_Sprint.png using Guid(b0fa70abd2a79904cb00b175dfd8ec7e) Importer(815301076,1909f56bfc062723c751e8b465ee728b)  -> (artifact id: '381f579e3f44219470d264a851b9ff9f') in 0.084148 seconds 
========================================================================
Received Import Request.
  Time since last request: 0.000020 seconds.
  path: Assets/Polytope Studio/Lowpoly Medieval Environments/Sources/Textures/PT_Rocks_01.png
  artifactKey: Guid(a195a893970f3ab4990bd06e18a0b308) Importer(815301076,1909f56bfc062723c751e8b465ee728b)
Start importing Assets/Polytope Studio/Lowpoly Medieval Environments/Sources/Textures/PT_Rocks_01.png using Guid(a195a893970f3ab4990bd06e18a0b308) Importer(815301076,1909f56bfc062723c751e8b465ee728b)  -> (artifact id: '8bf361370be716f06bd350ee49ed9c0c') in 0.036522 seconds 
========================================================================
Received Import Request.
  Time since last request: 0.000083 seconds.
  path: Assets/Monster_Orc (Troll)/Texture/monster_Normal.png
  artifactKey: Guid(f8b965392cdf8492bb1d030d1aa33f80) Importer(815301076,1909f56bfc062723c751e8b465ee728b)
Start importing Assets/Monster_Orc (Troll)/Texture/monster_Normal.png using Guid(f8b965392cdf8492bb1d030d1aa33f80) Importer(815301076,1909f56bfc062723c751e8b465ee728b)  -> (artifact id: '918bb4e02db58985749ffe5da0e88d68') in 0.037267 seconds 
========================================================================
Received Import Request.
  Time since last request: 0.000019 seconds.
  path: Assets/Polytope Studio/Lowpoly Medieval Demos/Armors_Free_Pack/New Terrain.asset
  artifactKey: Guid(00fbea2f54cec4b49beed28c2759f820) Importer(815301076,1909f56bfc062723c751e8b465ee728b)
Start importing Assets/Polytope Studio/Lowpoly Medieval Demos/Armors_Free_Pack/New Terrain.asset using Guid(00fbea2f54cec4b49beed28c2759f820) Importer(815301076,1909f56bfc062723c751e8b465ee728b) 


 -> (artifact id: '80bee22201530063eadd9501f1813624') in 0.172975 seconds 
========================================================================
Received Import Request.
  Time since last request: 0.000028 seconds.
  path: Assets/Monster_Orc (Troll)/Texture/monster_Metallic.png
  artifactKey: Guid(124f338021c29443a913653fbe19d6c2) Importer(815301076,1909f56bfc062723c751e8b465ee728b)
Start importing Assets/Monster_Orc (Troll)/Texture/monster_Metallic.png using Guid(124f338021c29443a913653fbe19d6c2) Importer(815301076,1909f56bfc062723c751e8b465ee728b)  -> (artifact id: '8eb93d29bd8bea4138c424398903f73f') in 0.037120 seconds 
========================================================================
Received Import Request.
  Time since last request: 0.000058 seconds.
  path: Assets/Polytope Studio/Lowpoly Medieval Weapons/Sources/Textures/PT_Medieval_Weapons_Texture_01_base.png
  artifactKey: Guid(7772baab606a3874d99a1e30d4b6b891) Importer(815301076,1909f56bfc062723c751e8b465ee728b)
Start importing Assets/Polytope Studio/Lowpoly Medieval Weapons/Sources/Textures/PT_Medieval_Weapons_Texture_01_base.png using Guid(7772baab606a3874d99a1e30d4b6b891) Importer(815301076,1909f56bfc062723c751e8b465ee728b)  -> (artifact id: '66d53e68a7f4f041d36740e16be5aef1') in 0.031526 seconds 
========================================================================
Received Import Request.
  Time since last request: 0.000136 seconds.
  path: Assets/Monster_Orc (Troll)/Texture/monster_Height.png
  artifactKey: Guid(de0970ae6d0034ece8a0083d805c304c) Importer(815301076,1909f56bfc062723c751e8b465ee728b)
Start importing Assets/Monster_Orc (Troll)/Texture/monster_Height.png using Guid(de0970ae6d0034ece8a0083d805c304c) Importer(815301076,1909f56bfc062723c751e8b465ee728b)  -> (artifact id: '9085d5d6254a2ff93962f93011a41138') in 0.034761 seconds 
========================================================================
Received Import Request.
  Time since last request: 0.000041 seconds.
  path: Assets/Polytope Studio/Lowpoly Medieval Characters/Sources/Modular_Armors/Textures/PT_Medieval_Armors_Metal_Mask_01.png
  artifactKey: Guid(47efbf030a9bb7f428ba51b46a2fdd03) Importer(815301076,1909f56bfc062723c751e8b465ee728b)
Start importing Assets/Polytope Studio/Lowpoly Medieval Characters/Sources/Modular_Armors/Textures/PT_Medieval_Armors_Metal_Mask_01.png using Guid(47efbf030a9bb7f428ba51b46a2fdd03) Importer(815301076,1909f56bfc062723c751e8b465ee728b)  -> (artifact id: 'fcf20d9ea89c09bfb29976c6cad98a6b') in 0.027301 seconds 
========================================================================
Received Import Request.
  Time since last request: 0.000040 seconds.
  path: Assets/Polytope Studio/Lowpoly Medieval Characters/Sources/Modular_Armors/Textures/PT_Medieval_texture.tga
  artifactKey: Guid(093505a5d838d4149a9f207bf3c33662) Importer(815301076,1909f56bfc062723c751e8b465ee728b)
Start importing Assets/Polytope Studio/Lowpoly Medieval Characters/Sources/Modular_Armors/Textures/PT_Medieval_texture.tga using Guid(093505a5d838d4149a9f207bf3c33662) Importer(815301076,1909f56bfc062723c751e8b465ee728b)  -> (artifact id: 'ba8a1acdc9ceb58b84627f9d0b359a4f') in 0.015325 seconds 
========================================================================
Received Import Request.
  Time since last request: 0.000058 seconds.
  path: Assets/Polytope Studio/Lowpoly Medieval Environments/Sources/Textures/PT_Poppy_01.png
  artifactKey: Guid(e0eab39b8993b684dbb9800cf1151d33) Importer(815301076,1909f56bfc062723c751e8b465ee728b)
Start importing Assets/Polytope Studio/Lowpoly Medieval Environments/Sources/Textures/PT_Poppy_01.png using Guid(e0eab39b8993b684dbb9800cf1151d33) Importer(815301076,1909f56bfc062723c751e8b465ee728b)  -> (artifact id: '89c956d26e5d5fd78a386fcb270e4181') in 0.038265 seconds 
========================================================================
Received Import Request.
  Time since last request: 0.000045 seconds.
  path: Assets/StarterAssets/Mobile/UI/UI_Icon_Move.png
  artifactKey: Guid(ff7bfa7addf40784d86f62b8e4a034a6) Importer(815301076,1909f56bfc062723c751e8b465ee728b)
Start importing Assets/StarterAssets/Mobile/UI/UI_Icon_Move.png using Guid(ff7bfa7addf40784d86f62b8e4a034a6) Importer(815301076,1909f56bfc062723c751e8b465ee728b)  -> (artifact id: '0a3f915f59ac1d33ace0e89d2c1341d4') in 0.121313 seconds 
========================================================================
Received Import Request.
  Time since last request: 0.000069 seconds.
  path: Assets/Polytope Studio/Lowpoly Medieval Environments/Sources/Textures/PT_Grass_01.png
  artifactKey: Guid(1b92b31acbcdce24ba9dc6d01dbc2e84) Importer(815301076,1909f56bfc062723c751e8b465ee728b)
Start importing Assets/Polytope Studio/Lowpoly Medieval Environments/Sources/Textures/PT_Grass_01.png using Guid(1b92b31acbcdce24ba9dc6d01dbc2e84) Importer(815301076,1909f56bfc062723c751e8b465ee728b)  -> (artifact id: '7e4f043237e83367bce2786cb65c0649') in 0.036256 seconds 
Editor requested this worker to shutdown with reason: Scaling down because of idle timeout
AssetImportWorker is now disconnected from the server
Process exiting
Exiting without the bug reporter. Application will terminate with return code 0