Using pre-set license
Built from '2021.2/staging' branch; Version is '2021.2.13f1 (90b6766da538) revision 9483894'; Using compiler version '192829333'; Build Type 'Release'
OS: 'Windows 11  (10.0.22000) 64bit CoreSingleLanguage' Language: 'en' Physical Memory: 8028 MB
BatchMode: 1, IsHumanControllingUs: 0, StartBugReporterOnCrash: 0, Is64bit: 1, IsPro: 1

COMMAND LINE ARGUMENTS:
C:\Program Files\Unity\Hub\Editor\2021.2.13f1\Editor\Unity.exe
-adb2
-batchMode
-noUpm
-name
AssetImportWorker12
-projectPath
D:/Unity/Lomba/My project
-logFile
Logs/AssetImportWorker12.log
-srvPort
57176
Successfully changed project path to: D:/Unity/Lomba/My project
D:/Unity/Lomba/My project
[UnityMemory] Configuration Parameters - Can be set up in boot.config
    "memorysetup-bucket-allocator-granularity=16"
    "memorysetup-bucket-allocator-bucket-count=8"
    "memorysetup-bucket-allocator-block-size=33554432"
    "memorysetup-bucket-allocator-block-count=8"
    "memorysetup-main-allocator-block-size=16777216"
    "memorysetup-thread-allocator-block-size=16777216"
    "memorysetup-gfx-main-allocator-block-size=16777216"
    "memorysetup-gfx-thread-allocator-block-size=16777216"
    "memorysetup-cache-allocator-block-size=4194304"
    "memorysetup-typetree-allocator-block-size=2097152"
    "memorysetup-profiler-bucket-allocator-granularity=16"
    "memorysetup-profiler-bucket-allocator-bucket-count=8"
    "memorysetup-profiler-bucket-allocator-block-size=33554432"
    "memorysetup-profiler-bucket-allocator-block-count=8"
    "memorysetup-profiler-allocator-block-size=16777216"
    "memorysetup-profiler-editor-allocator-block-size=1048576"
    "memorysetup-temp-allocator-size-main=16777216"
    "memorysetup-job-temp-allocator-block-size=2097152"
    "memorysetup-job-temp-allocator-block-size-background=1048576"
    "memorysetup-job-temp-allocator-reduction-small-platforms=262144"
    "memorysetup-temp-allocator-size-background-worker=32768"
    "memorysetup-temp-allocator-size-job-worker=262144"
    "memorysetup-temp-allocator-size-preload-manager=33554432"
    "memorysetup-temp-allocator-size-nav-mesh-worker=65536"
    "memorysetup-temp-allocator-size-audio-worker=65536"
    "memorysetup-temp-allocator-size-cloud-worker=32768"
    "memorysetup-temp-allocator-size-gi-baking-worker=262144"
    "memorysetup-temp-allocator-size-gfx=262144"
Refreshing native plugins compatible for Editor in 125.69 ms, found 3 plugins.
Preloading 0 native plugins for Editor in 0.00 ms.
Initialize engine version: 2021.2.13f1 (90b6766da538)
[Subsystems] Discovering subsystems at path C:/Program Files/Unity/Hub/Editor/2021.2.13f1/Editor/Data/Resources/UnitySubsystems
[Subsystems] Discovering subsystems at path D:/Unity/Lomba/My project/Assets
GfxDevice: creating device client; threaded=0; jobified=0
Direct3D:
    Version:  Direct3D 11.0 [level 11.1]
    Renderer: NVIDIA GeForce GTX 1650 (ID=0x1f99)
    Vendor:   NVIDIA
    VRAM:     3962 MB
    Driver:   30.0.15.1278
Initialize mono
Mono path[0] = 'C:/Program Files/Unity/Hub/Editor/2021.2.13f1/Editor/Data/Managed'
Mono path[1] = 'C:/Program Files/Unity/Hub/Editor/2021.2.13f1/Editor/Data/MonoBleedingEdge/lib/mono/unityjit-win32'
Mono config path = 'C:/Program Files/Unity/Hub/Editor/2021.2.13f1/Editor/Data/MonoBleedingEdge/etc'
Using monoOptions --debugger-agent=transport=dt_socket,embedding=1,server=y,suspend=n,address=127.0.0.1:56400
Begin MonoManager ReloadAssembly
Registering precompiled unity dll's ...
Register platform support module: C:/Program Files/Unity/Hub/Editor/2021.2.13f1/Editor/Data/PlaybackEngines/AndroidPlayer/UnityEditor.Android.Extensions.dll
Register platform support module: C:/Program Files/Unity/Hub/Editor/2021.2.13f1/Editor/Data/PlaybackEngines/WindowsStandaloneSupport/UnityEditor.WindowsStandalone.Extensions.dll
Register platform support module: C:/Program Files/Unity/Hub/Editor/2021.2.13f1/Editor/Data/PlaybackEngines/MetroSupport/UnityEditor.UWP.Extensions.dll
Registered in 0.010547 seconds.
Native extension for UWP target not found
Native extension for WindowsStandalone target not found
Native extension for Android target not found
Refreshing native plugins compatible for Editor in 78.98 ms, found 3 plugins.
Preloading 0 native plugins for Editor in 0.00 ms.
Mono: successfully reloaded assembly
- Completed reload, in  0.864 seconds
Domain Reload Profiling:
	ReloadAssembly (864ms)
		BeginReloadAssembly (83ms)
			ExecutionOrderSort (0ms)
			DisableScriptedObjects (0ms)
			BackupInstance (0ms)
			ReleaseScriptingObjects (0ms)
			CreateAndSetChildDomain (1ms)
		EndReloadAssembly (591ms)
			LoadAssemblies (83ms)
			RebuildTransferFunctionScriptingTraits (0ms)
			SetupTypeCache (245ms)
			ReleaseScriptCaches (0ms)
			RebuildScriptCaches (26ms)
			SetupLoadedEditorAssemblies (253ms)
				LogAssemblyErrors (0ms)
				InitializePlatformSupportModulesInManaged (48ms)
				SetLoadedEditorAssemblies (0ms)
				RefreshPlugins (79ms)
				BeforeProcessingInitializeOnLoad (1ms)
				ProcessInitializeOnLoadAttributes (87ms)
				ProcessInitializeOnLoadMethodAttributes (37ms)
				AfterProcessingInitializeOnLoad (0ms)
				EditorAssembliesLoaded (0ms)
			ExecutionOrderSort2 (0ms)
			AwakeInstancesAfterBackupRestoration (0ms)
Platform modules already initialized, skipping
Registering precompiled user dll's ...
Registered in 0.002521 seconds.
Begin MonoManager ReloadAssembly
Symbol file LoadedFromMemory doesn't match image D:\Unity\Lomba\My project\Library\PackageCache\com.unity.visualscripting@1.7.6\Editor\VisualScripting.Core\Dependencies\YamlDotNet\Unity.VisualScripting.YamlDotNet.dll
Symbol file LoadedFromMemory doesn't match image D:\Unity\Lomba\My project\Library\PackageCache\com.unity.visualscripting@1.7.6\Editor\VisualScripting.Core\Dependencies\DotNetZip\Unity.VisualScripting.IonicZip.dll
Native extension for UWP target not found
Native extension for WindowsStandalone target not found
Native extension for Android target not found
Refreshing native plugins compatible for Editor in 79.97 ms, found 3 plugins.
Preloading 0 native plugins for Editor in 0.00 ms.
Mono: successfully reloaded assembly
- Completed reload, in  1.140 seconds
Domain Reload Profiling:
	ReloadAssembly (1141ms)
		BeginReloadAssembly (204ms)
			ExecutionOrderSort (0ms)
			DisableScriptedObjects (5ms)
			BackupInstance (0ms)
			ReleaseScriptingObjects (0ms)
			CreateAndSetChildDomain (130ms)
		EndReloadAssembly (839ms)
			LoadAssemblies (63ms)
			RebuildTransferFunctionScriptingTraits (0ms)
			SetupTypeCache (236ms)
			ReleaseScriptCaches (1ms)
			RebuildScriptCaches (52ms)
			SetupLoadedEditorAssemblies (449ms)
				LogAssemblyErrors (0ms)
				InitializePlatformSupportModulesInManaged (13ms)
				SetLoadedEditorAssemblies (0ms)
				RefreshPlugins (80ms)
				BeforeProcessingInitializeOnLoad (71ms)
				ProcessInitializeOnLoadAttributes (256ms)
				ProcessInitializeOnLoadMethodAttributes (24ms)
				AfterProcessingInitializeOnLoad (5ms)
				EditorAssembliesLoaded (0ms)
			ExecutionOrderSort2 (0ms)
			AwakeInstancesAfterBackupRestoration (4ms)
Platform modules already initialized, skipping
========================================================================
Worker process is ready to serve import requests
Launched and connected shader compiler UnityShaderCompiler.exe after 0.03 seconds
Refreshing native plugins compatible for Editor in 0.75 ms, found 3 plugins.
Preloading 0 native plugins for Editor in 0.00 ms.
Unloading 3740 Unused Serialized files (Serialized files now loaded: 0)
Unloading 41 unused Assets / (183.6 KB). Loaded Objects now: 4219.
Memory consumption went from 159.6 MB to 159.4 MB.
Total: 4.437500 ms (FindLiveObjects: 0.349000 ms CreateObjectMapping: 0.236800 ms MarkObjects: 3.468100 ms  DeleteObjects: 0.382800 ms)

AssetImportParameters requested are different than current active one (requested -> active):
  custom:video-decoder-ogg-theora: a1e56fd34408186e4bbccfd4996cb3dc -> 
  custom:container-muxer-webm: aa71ff27fc2769a1b78a27578f13a17b -> 
  custom:container-demuxer-webm: 4f35f7cbe854078d1ac9338744f61a02 -> 
  custom:video-encoder-webm-vp8: eb34c28f22e8b96e1ab97ce403110664 -> 
  custom:video-codec-MediaFoundation-h265: 746d11721c4dcdbdad8f713fa42b33f4 -> 
  custom:audio-encoder-webm-vorbis: bf7c407c2cedff20999df2af8eb42d56 -> 
  custom:framework-win-MediaFoundation: 216162199b28c13a410421893ffa2e32 -> 
  custom:container-demuxer-ogg: 62fdf1f143b41e24485cea50d1cbac27 -> 
  custom:video-decoder-webm-vp8: 9c59270c3fd7afecdb556c50c9e8de78 -> 
  custom:audio-decoder-ogg-vorbis: bf7c407c2cedff20999df2af8eb42d56 -> 
========================================================================
Received Import Request.
  Time since last request: 533041.213333 seconds.
  path: Assets/BootCamp/Props/Lamp-Street/Tex/Metal.png
  artifactKey: Guid(0cf93c50441d3764f8cd034086e3934a) Importer(815301076,1909f56bfc062723c751e8b465ee728b)
Start importing Assets/BootCamp/Props/Lamp-Street/Tex/Metal.png using Guid(0cf93c50441d3764f8cd034086e3934a) Importer(815301076,1909f56bfc062723c751e8b465ee728b)  -> (artifact id: 'e1eba53a595c52ea271677f3560fb45c') in 0.126030 seconds 
========================================================================
Received Import Request.
  Time since last request: 0.560671 seconds.
  path: Assets/BootCamp/Props/Lamp-Street/Tex/Materials/Metal.mat
  artifactKey: Guid(965a279f5a2c06148b7a69af33dcf17f) Importer(815301076,1909f56bfc062723c751e8b465ee728b)
Start importing Assets/BootCamp/Props/Lamp-Street/Tex/Materials/Metal.mat using Guid(965a279f5a2c06148b7a69af33dcf17f) Importer(815301076,1909f56bfc062723c751e8b465ee728b)  -> (artifact id: '97170a8d14f5351eec8986c48c4529ca') in 0.092715 seconds 
========================================================================
Received Import Request.
  Time since last request: 4.281754 seconds.
  path: Assets/BootCamp/Props/Prefabs/Barrel 2.prefab
  artifactKey: Guid(94b47ef13475e574a991120bc2f3703b) Importer(815301076,1909f56bfc062723c751e8b465ee728b)
Start importing Assets/BootCamp/Props/Prefabs/Barrel 2.prefab using Guid(94b47ef13475e574a991120bc2f3703b) Importer(815301076,1909f56bfc062723c751e8b465ee728b)  -> (artifact id: '21dcebabf202a3f37174c273b3f8687d') in 0.055289 seconds 
========================================================================
Received Import Request.
  Time since last request: 0.000068 seconds.
  path: Assets/BootCamp/Props/Prefabs/Crate 2.prefab
  artifactKey: Guid(7f1e2c82888efac4296c8864caf80714) Importer(815301076,1909f56bfc062723c751e8b465ee728b)
Start importing Assets/BootCamp/Props/Prefabs/Crate 2.prefab using Guid(7f1e2c82888efac4296c8864caf80714) Importer(815301076,1909f56bfc062723c751e8b465ee728b)  -> (artifact id: '566965dbe4bfe63bc507fa0b2237b7a3') in 0.051350 seconds 
========================================================================
Received Import Request.
  Time since last request: 0.000019 seconds.
  path: Assets/BootCamp/Props/Prefabs/rock4.prefab
  artifactKey: Guid(3699f22b144494848aeddb65703c36a3) Importer(815301076,1909f56bfc062723c751e8b465ee728b)
Start importing Assets/BootCamp/Props/Prefabs/rock4.prefab using Guid(3699f22b144494848aeddb65703c36a3) Importer(815301076,1909f56bfc062723c751e8b465ee728b)  -> (artifact id: '425e6a3b256b77dac6523b1717bf6897') in 0.031607 seconds 
========================================================================
Received Import Request.
  Time since last request: 0.000047 seconds.
  path: Assets/BootCamp/Props/Prefabs/stone 1.prefab
  artifactKey: Guid(0eed97dbbf885a5479866a13a338de84) Importer(815301076,1909f56bfc062723c751e8b465ee728b)
Start importing Assets/BootCamp/Props/Prefabs/stone 1.prefab using Guid(0eed97dbbf885a5479866a13a338de84) Importer(815301076,1909f56bfc062723c751e8b465ee728b)  -> (artifact id: '97180f8179e1972a03402fa48fa192e2') in 0.043654 seconds 
========================================================================
Received Import Request.
  Time since last request: 0.000044 seconds.
  path: Assets/BootCamp/Props/Prefabs/Platform2.prefab
  artifactKey: Guid(d0700529e29f12c4abb065beb6a37873) Importer(815301076,1909f56bfc062723c751e8b465ee728b)
Start importing Assets/BootCamp/Props/Prefabs/Platform2.prefab using Guid(d0700529e29f12c4abb065beb6a37873) Importer(815301076,1909f56bfc062723c751e8b465ee728b)  -> (artifact id: '471ca89106c253a9ef3971f2a577a1be') in 0.042209 seconds 
========================================================================
Received Import Request.
  Time since last request: 0.000023 seconds.
  path: Assets/BootCamp/Props/Prefabs/Lamp-post.prefab
  artifactKey: Guid(b6225065a918f8b40887d8717bde21cc) Importer(815301076,1909f56bfc062723c751e8b465ee728b)
Start importing Assets/BootCamp/Props/Prefabs/Lamp-post.prefab using Guid(b6225065a918f8b40887d8717bde21cc) Importer(815301076,1909f56bfc062723c751e8b465ee728b)  -> (artifact id: '7b280a55b69b7f55407e50cce9dac03d') in 0.029906 seconds 
========================================================================
Received Import Request.
  Time since last request: 0.000080 seconds.
  path: Assets/BootCamp/Props/Prefabs/Crate.prefab
  artifactKey: Guid(b4fe80f470b33024792fe8ba5083a1ce) Importer(815301076,1909f56bfc062723c751e8b465ee728b)
Start importing Assets/BootCamp/Props/Prefabs/Crate.prefab using Guid(b4fe80f470b33024792fe8ba5083a1ce) Importer(815301076,1909f56bfc062723c751e8b465ee728b)  -> (artifact id: '1932fe025f0840b2494cfafa603ea522') in 0.031203 seconds 
========================================================================
Received Import Request.
  Time since last request: 0.000112 seconds.
  path: Assets/BootCamp/Props/Prefabs/rock1.prefab
  artifactKey: Guid(1e6ed1c3285e35e438c2293471d71222) Importer(815301076,1909f56bfc062723c751e8b465ee728b)
Start importing Assets/BootCamp/Props/Prefabs/rock1.prefab using Guid(1e6ed1c3285e35e438c2293471d71222) Importer(815301076,1909f56bfc062723c751e8b465ee728b)  -> (artifact id: '001da1757c0a0ce2e6ad9db426c04a9d') in 0.042149 seconds 
========================================================================
Received Import Request.
  Time since last request: 0.000172 seconds.
  path: Assets/BootCamp/Props/Prefabs/rock 2.prefab
  artifactKey: Guid(07daaccf758ba9942929adc50fc3b236) Importer(815301076,1909f56bfc062723c751e8b465ee728b)
Start importing Assets/BootCamp/Props/Prefabs/rock 2.prefab using Guid(07daaccf758ba9942929adc50fc3b236) Importer(815301076,1909f56bfc062723c751e8b465ee728b)  -> (artifact id: '71957698234ef33f524f33ab3937737d') in 0.035002 seconds 
========================================================================
Received Import Request.
  Time since last request: 0.000051 seconds.
  path: Assets/BootCamp/Props/Prefabs/Pole-V.prefab
  artifactKey: Guid(813035a9b0dc346438aba36ed6463817) Importer(815301076,1909f56bfc062723c751e8b465ee728b)
Start importing Assets/BootCamp/Props/Prefabs/Pole-V.prefab using Guid(813035a9b0dc346438aba36ed6463817) Importer(815301076,1909f56bfc062723c751e8b465ee728b)  -> (artifact id: 'a02c3f1fce984d8b5b14e7e40473432c') in 0.029807 seconds 
========================================================================
Received Import Request.
  Time since last request: 0.000039 seconds.
  path: Assets/BootCamp/Props/Prefabs/rock.prefab
  artifactKey: Guid(ca05b55f6e827314ca1ab093dae83af8) Importer(815301076,1909f56bfc062723c751e8b465ee728b)
Start importing Assets/BootCamp/Props/Prefabs/rock.prefab using Guid(ca05b55f6e827314ca1ab093dae83af8) Importer(815301076,1909f56bfc062723c751e8b465ee728b)  -> (artifact id: '68d44eca734b51ef0ef194b3ab868ccd') in 0.025629 seconds 
========================================================================
Received Import Request.
  Time since last request: 4.822526 seconds.
  path: Assets/BootCamp/Props/rocks new 2/rock2_Height.png
  artifactKey: Guid(ab04edc47b4d91f429808d2d57e4621e) Importer(815301076,1909f56bfc062723c751e8b465ee728b)
Start importing Assets/BootCamp/Props/rocks new 2/rock2_Height.png using Guid(ab04edc47b4d91f429808d2d57e4621e) Importer(815301076,1909f56bfc062723c751e8b465ee728b)  -> (artifact id: '4b09ba11490889a65f93706e8bd5bc58') in 0.026963 seconds 
========================================================================
Received Import Request.
  Time since last request: 0.000025 seconds.
  path: Assets/BootCamp/Props/rocks new 2/Stones_Height.png
  artifactKey: Guid(e305069c0d6ef044491fb83089db4a73) Importer(815301076,1909f56bfc062723c751e8b465ee728b)
Start importing Assets/BootCamp/Props/rocks new 2/Stones_Height.png using Guid(e305069c0d6ef044491fb83089db4a73) Importer(815301076,1909f56bfc062723c751e8b465ee728b)  -> (artifact id: '0798e61ac34ec6df5e9608d632bc4c80') in 0.029514 seconds 
========================================================================
Received Import Request.
  Time since last request: 0.000054 seconds.
  path: Assets/BootCamp/Props/rocks new 2/stones.fbx
  artifactKey: Guid(97bdb1d9227f443458c8f6851b0c1095) Importer(815301076,1909f56bfc062723c751e8b465ee728b)
Start importing Assets/BootCamp/Props/rocks new 2/stones.fbx using Guid(97bdb1d9227f443458c8f6851b0c1095) Importer(815301076,1909f56bfc062723c751e8b465ee728b)  -> (artifact id: '4afdf159cddbf572a89329b206c068a7') in 0.095973 seconds 
========================================================================
Received Import Request.
  Time since last request: 0.000022 seconds.
  path: Assets/BootCamp/Props/rocks new 2/rock_Roughness.png
  artifactKey: Guid(6caee423cd4e7514abe37c54e371f126) Importer(815301076,1909f56bfc062723c751e8b465ee728b)
Start importing Assets/BootCamp/Props/rocks new 2/rock_Roughness.png using Guid(6caee423cd4e7514abe37c54e371f126) Importer(815301076,1909f56bfc062723c751e8b465ee728b)  -> (artifact id: '1ea943f0629c55a59d20ec0736ea76c7') in 0.035697 seconds 
Editor requested this worker to shutdown with reason: Scaling down because of idle timeout
AssetImportWorker is now disconnected from the server
Process exiting
Exiting without the bug reporter. Application will terminate with return code 0